%!Adobe-FontList 1.23
%Locale:0x409

%BeginFont
Handler:DirectoryHandler
FontType:Invalid
OutlineFileName:/Users/louraphaelgomez/Desktop/dev projects/tesla/resources/images/Free Portfolio by Patryk Korycki/Document fonts/AdobeFnt18.lst
FileLength:4249
FileModTime:506175112
%EndFont

%BeginFont
Handler:DirectoryHandler
FontType:Invalid
OutlineFileName:/Users/louraphaelgomez/Desktop/dev projects/tesla/resources/images/Free Portfolio by Patryk Korycki/Document fonts/AdobeFnt23.lst
FileLength:5048
FileModTime:683632383
%EndFont

%BeginFont
Handler:DirectoryHandler
FontType:Type1
FontName:MinionPro-Medium
FamilyName:Minion Pro
StyleName:Medium
MenuName:Minion Pro Med
StyleBits:0
WeightClass:500
WidthClass:5
AngleClass:0
FullName:Minion Pro Medium
WritingScript:Roman
OutlineFileName:/Users/louraphaelgomez/Desktop/dev projects/tesla/resources/images/Free Portfolio by Patryk Korycki/Document fonts/MinionPro-Medium.otf
DataFormat:sfntData
UsesStandardEncoding:yes
isCFF:yes
hasSVG:no
VariableFontType:NonVariableFont
FileLength:219416
FileModTime:383193524
DesignSize:110
NameArray:0,Mac,18,Minion Pro Med
NameArray:0,Mac,4,Minion Pro Medium
NameArray:0,Win,1,Minion Pro Med
NameArray:0,Win,16,Minion Pro
%EndFont

%BeginFont
Handler:DirectoryHandler
FontType:Type1
FontName:MinionPro-Regular
FamilyName:Minion Pro
StyleName:Regular
MenuName:Minion Pro
StyleBits:0
WeightClass:400
WidthClass:5
AngleClass:0
FullName:Minion Pro
WritingScript:Roman
OutlineFileName:/Users/louraphaelgomez/Desktop/dev projects/tesla/resources/images/Free Portfolio by Patryk Korycki/Document fonts/MinionPro-Regular.otf
DataFormat:sfntData
UsesStandardEncoding:yes
isCFF:yes
hasSVG:no
VariableFontType:NonVariableFont
FileLength:218640
FileModTime:383195780
DesignSize:110
NameArray:0,Mac,4,Minion Pro
NameArray:0,Win,1,Minion Pro
%EndFont

%BeginFont
Handler:DirectoryHandler
FontType:TrueType
FontName:Roboto-Bold
FamilyName:Roboto
StyleName:Bold
MenuName:Roboto
StyleBits:2
WeightClass:700
WidthClass:5
AngleClass:0
FullName:Roboto Bold
WritingScript:Roman
OutlineFileName:/Users/louraphaelgomez/Desktop/dev projects/tesla/resources/images/Free Portfolio by Patryk Korycki/Document fonts/Roboto-Bold_1.ttf
DataFormat:sfntData
hasSVG:no
VariableFontType:NonVariableFont
FileLength:127744
FileModTime:424374412
NameArray:0,Mac,18,Roboto Bold
NameArray:0,Mac,4,Roboto Bold
NameArray:0,Win,1,Roboto
%EndFont

%BeginFont
Handler:DirectoryHandler
FontType:TrueType
FontName:Roboto-Italic
FamilyName:Roboto
StyleName:Italic
MenuName:Roboto
StyleBits:1
WeightClass:400
WidthClass:5
AngleClass:0
FullName:Roboto Italic
WritingScript:Roman
OutlineFileName:/Users/louraphaelgomez/Desktop/dev projects/tesla/resources/images/Free Portfolio by Patryk Korycki/Document fonts/Roboto-Italic_1.ttf
DataFormat:sfntData
hasSVG:no
VariableFontType:NonVariableFont
FileLength:132440
FileModTime:424374412
NameArray:0,Mac,18,Roboto Italic
NameArray:0,Mac,4,Roboto Italic
NameArray:0,Win,1,Roboto
%EndFont

%BeginFont
Handler:DirectoryHandler
FontType:TrueType
FontName:Roboto-Medium
FamilyName:Roboto
StyleName:Medium
MenuName:Roboto
StyleBits:0
WeightClass:500
WidthClass:5
AngleClass:0
FullName:Roboto Medium
WritingScript:Roman
OutlineFileName:/Users/louraphaelgomez/Desktop/dev projects/tesla/resources/images/Free Portfolio by Patryk Korycki/Document fonts/Roboto-Medium_1.ttf
DataFormat:sfntData
hasSVG:no
VariableFontType:NonVariableFont
FileLength:127488
FileModTime:424374412
NameArray:0,Mac,18,Roboto Medium
NameArray:0,Mac,4,Roboto Medium
NameArray:0,Win,1,Roboto
NameArray:0,Win,16,Roboto
%EndFont

%BeginFont
Handler:DirectoryHandler
FontType:TrueType
FontName:Roboto-Regular
FamilyName:Roboto
StyleName:Regular
MenuName:Roboto
StyleBits:0
WeightClass:400
WidthClass:5
AngleClass:0
FullName:Roboto Regular
WritingScript:Roman
OutlineFileName:/Users/louraphaelgomez/Desktop/dev projects/tesla/resources/images/Free Portfolio by Patryk Korycki/Document fonts/Roboto-Regular_3.ttf
DataFormat:sfntData
hasSVG:no
VariableFontType:NonVariableFont
FileLength:126072
FileModTime:424374412
NameArray:0,Mac,18,Roboto Regular
NameArray:0,Mac,4,Roboto Regular
NameArray:0,Win,1,Roboto
%EndFont

%BeginFont
Handler:DirectoryHandler
FontType:TrueType
FontName:Roboto-Thin
FamilyName:Roboto
StyleName:Thin
MenuName:Roboto
StyleBits:0
WeightClass:250
WidthClass:5
AngleClass:0
FullName:Roboto Thin
WritingScript:Roman
OutlineFileName:/Users/louraphaelgomez/Desktop/dev projects/tesla/resources/images/Free Portfolio by Patryk Korycki/Document fonts/Roboto-Thin_1.ttf
DataFormat:sfntData
hasSVG:no
VariableFontType:NonVariableFont
FileLength:127584
FileModTime:424374412
NameArray:0,Mac,18,Roboto Thin
NameArray:0,Mac,4,Roboto Thin
NameArray:0,Win,1,Roboto
NameArray:0,Win,16,Roboto
%EndFont

%BeginFont
Handler:DirectoryHandler
FontType:TrueType
FontName:FontAwesome
FamilyName:FontAwesome
StyleName:Regular
MenuName:FontAwesome
StyleBits:0
WeightClass:400
WidthClass:5
AngleClass:0
FullName:FontAwesome Regular
WritingScript:Roman
OutlineFileName:/Users/louraphaelgomez/Desktop/dev projects/tesla/resources/images/Free Portfolio by Patryk Korycki/Document fonts/fontawesome-webfont_0.ttf
DataFormat:sfntData
hasSVG:no
VariableFontType:NonVariableFont
FileLength:150920
FileModTime:482119332
NameArray:0,Win,1,FontAwesome
%EndFont

